number,value,datetime_start,datetime_complete,duration,params_A,params_C,params_f,params_lr,params_min_gradient_magnitude,params_optimal_weight,params_phase_shift_loss_weight,params_phi,params_shift_boundary,params_threshold,params_transition_slope,state
0,0.5278034091023278,2023-08-31 10:09:02.482882,2023-08-31 10:17:14.831185,0 days 00:08:12.348303,0.4295550635114439,0.7308154372519722,0.8541460841893669,0.0075385521495993715,0.1881892910909061,0.802094635467456,0.37369860835609936,2.5065621583959863,0.22583756301058375,0.12000000000000001,0.10832861211288324,COMPLETE
1,0.7268305938713711,2023-08-31 10:17:14.855870,2023-08-31 10:24:40.498240,0 days 00:07:25.642370,0.44706828224030626,1.881561387012824,0.7971705297929149,0.0037741202184671595,0.07526181524712565,0.794833788983206,0.1568979547652143,0.8017451228234289,0.12841586365056332,0.2,0.13615041005917133,COMPLETE
2,0.6024005342906765,2023-08-31 10:24:40.521313,2023-08-31 10:32:36.329548,0 days 00:07:55.808235,0.5631352348743721,0.6180165199353497,0.8273682316154671,0.005826305570355705,0.11194718370484753,0.8223276767457417,0.024628970197843922,1.040117219032854,0.17042496094154727,0.18,0.15310533336700713,COMPLETE
3,0.68044970691729,2023-08-31 10:32:36.344202,2023-08-31 10:39:53.229821,0 days 00:07:16.885619,0.7002381909746708,1.4447614452180724,0.8326677577735737,0.0040359979184598025,0.07776209290995534,0.7331849452587617,0.30506542843535656,1.152280389319162,0.11579206150339148,0.14,0.12754587425120517,COMPLETE
4,0.5413871530332085,2023-08-31 10:39:53.249734,2023-08-31 10:48:07.679464,0 days 00:08:14.429730,0.4611520982884413,1.6867862625201562,0.9930733630342645,0.007524913509460464,0.13993243107512843,0.7834058057376485,0.33026469625479865,2.3363750129494387,0.23102642289726547,0.11,0.1112917591045805,COMPLETE
5,1.153919444650623,2023-08-31 10:48:07.710037,2023-08-31 10:52:35.447321,0 days 00:04:27.737284,0.5984905920406179,0.9760205094429213,0.9052871378558507,0.006889337582942416,0.0843923103977213,0.7799813897111961,0.3023252671275177,1.3860941333125556,0.21596094036194213,0.16,0.1904446103208809,PRUNED
6,1.2232494760066905,2023-08-31 10:52:35.478991,2023-08-31 10:55:53.489160,0 days 00:03:18.010169,0.4824562944946964,1.5953302878656825,0.8623613078694321,0.006076021492029128,0.06823420695879512,0.7990327660334372,0.37075259774013314,2.5069717099987456,0.24960824543696067,0.18,0.14675600343621742,PRUNED
7,1.446389525071949,2023-08-31 10:55:53.517277,2023-08-31 10:57:33.461914,0 days 00:01:39.944637,0.8504905914232477,0.6613494190794051,0.873360255787279,0.003903701884514066,0.11805240181411936,0.7826366066767836,0.08812033859937819,0.7189309142545267,0.23049434506022048,0.15000000000000002,0.16037841889938395,PRUNED
8,1.503096727191979,2023-08-31 10:57:33.482098,2023-08-31 10:59:12.531141,0 days 00:01:39.049043,0.8365988678081395,0.5455537512730955,0.876199723494671,0.0036106326953540195,0.06026690625875042,0.7171876136575118,0.45278195631655094,0.9612244515482854,0.1829006867345489,0.19,0.18430650945366114,PRUNED
9,0.5403833161615043,2023-08-31 10:59:12.548646,2023-08-31 11:06:39.113712,0 days 00:07:26.565066,0.47719322845292633,1.5698835012753574,0.8450532350225217,0.00771981182950156,0.15510328537237578,0.7922637377486477,0.22241332691538948,2.2869877318458056,0.16682694853391478,0.12000000000000001,0.1533725388953282,COMPLETE
10,0.49520146490835715,2023-08-31 11:06:39.134480,2023-08-31 11:14:43.251832,0 days 00:08:04.117352,0.210482719051171,1.0870818377653617,0.7522299237108165,0.009487074405135569,0.18835594891708013,0.8494733095746829,0.44831295326887866,3.1261654310872484,0.2930566811315549,0.1,0.10075702421365916,COMPLETE
11,0.5064408608476458,2023-08-31 11:14:43.272459,2023-08-31 11:22:57.132901,0 days 00:08:13.860442,0.22067820764785367,1.0818872115476745,0.7516840373143197,0.009964940242437393,0.19830958181172773,0.8423088764894914,0.48240355801041745,3.1247464767214685,0.293112753075107,0.11,0.10196388054520147,COMPLETE
12,0.5007588839735161,2023-08-31 11:22:57.154683,2023-08-31 11:30:12.046106,0 days 00:07:14.891423,0.1768849987062649,1.1377971959136097,0.751586112459153,0.009922358496098372,0.19310971130002202,0.8484733022587676,0.49736332273070505,2.9415632051852265,0.2996742596484558,0.1,0.1018607849229847,COMPLETE
13,1.0515189695020093,2023-08-31 11:30:12.062971,2023-08-31 11:35:58.608288,0 days 00:05:46.545317,0.11597929817987337,1.189781872142993,0.7594710281169692,0.00977340928698049,0.1754642506539426,0.8486262114359355,0.49954229161808134,3.0624187780801906,0.299722639895946,0.1,0.10044945137025899,PRUNED
14,1.6921601481471502,2023-08-31 11:35:58.631133,2023-08-31 11:37:40.833101,0 days 00:01:42.201968,0.25747144828239926,1.266024204874171,0.7829284329306262,0.0011677339187537456,0.17138765309376988,0.8289422933488994,0.43007196438280837,0.1434751389707296,0.27099383168073177,0.13,0.11874028115962082,PRUNED
15,0.48796002307804076,2023-08-31 11:37:40.849082,2023-08-31 11:45:54.425252,0 days 00:08:13.576170,0.29228487464161473,0.9316366358912762,0.8022803604538242,0.009004937293093962,0.1983957753544548,0.8493632305349609,0.4140808178573435,1.8578960148285668,0.2686346235927187,0.1,0.11729727920945036,COMPLETE
16,1.1197653366318832,2023-08-31 11:45:54.452276,2023-08-31 11:50:21.464513,0 days 00:04:27.012237,0.3257187583252574,0.9009946595600964,0.802319137773928,0.008645084677868335,0.16524071836777046,0.8215939790059335,0.40507993172949763,1.7586157862417229,0.264981941069426,0.1,0.12006031654184424,PRUNED
17,1.1539497409306518,2023-08-31 11:50:21.479413,2023-08-31 11:53:38.801201,0 days 00:03:17.321788,0.10555863645728876,0.8977021064829154,0.7871124858064068,0.008563458248030174,0.1509332985816286,0.7553971549693038,0.42311506509031754,1.9175504190339097,0.2718977229808719,0.13,0.11754965441328472,PRUNED
18,1.1061706792378256,2023-08-31 11:53:38.817686,2023-08-31 11:58:35.300504,0 days 00:04:56.482818,0.33743121924693104,0.8138209677880405,0.7773526325627929,0.008418598151560827,0.18264286767398402,0.8161448894114568,0.3827986585487993,2.076670814557407,0.2534712218507618,0.16,0.13018838647470107,PRUNED
19,1.0120469523025744,2023-08-31 11:58:35.324139,2023-08-31 12:06:29.663885,0 days 00:07:54.339746,0.30107964377540825,1.2890767521208852,0.8132629509589874,0.009037232790424291,0.19470386605562887,0.8393095580228543,0.44494445792765486,1.581287172491488,0.27986871179616235,0.12000000000000001,0.11148605161202278,PRUNED
20,1.0422792810920283,2023-08-31 12:06:29.677396,2023-08-31 12:12:07.774381,0 days 00:05:38.096985,0.19954983137527776,1.0213470534094902,0.7764922612565324,0.009217238317838822,0.19995981121128067,0.8349711894559054,0.3377645102937984,2.7551268764151775,0.2498696637431419,0.11,0.1259032531779697,PRUNED
21,0.478412875210977,2023-08-31 12:12:07.792636,2023-08-31 12:20:22.861060,0 days 00:08:15.068424,0.1675505680677078,1.1138656676555176,0.7520340928716792,0.009964455856728442,0.18190753730987516,0.8486412711973438,0.47977332829072805,2.8458353558612624,0.2956170357094116,0.1,0.1000672846545854,COMPLETE
22,1.3378534682676302,2023-08-31 12:20:22.883933,2023-08-31 12:22:02.357865,0 days 00:01:39.473932,0.17281920655641048,1.036019600400022,0.7707664842277686,0.009040712443218538,0.18252908483044292,0.8492476207039413,0.4586090671166694,2.837255261654849,0.283227236108882,0.1,0.10946153162599914,PRUNED
23,1.0893847591488073,2023-08-31 12:22:02.373918,2023-08-31 12:26:59.022111,0 days 00:04:56.648193,0.27130680418436776,0.8101234090430189,0.7639263317180095,0.009945154539018852,0.16828600008078998,0.8131843312035514,0.4293955209731205,2.7858199086113027,0.2809086097037458,0.11,0.10068606165242408,PRUNED
24,0.5053613222524369,2023-08-31 12:26:59.034648,2023-08-31 12:34:43.489713,0 days 00:07:44.455065,0.3626897127672695,1.1848680237947868,0.7518211119235044,0.008020381984273055,0.18142754805472264,0.828048311517223,0.39980397269059986,3.1375323114994824,0.2615638067859888,0.13,0.11361384494507225,COMPLETE
25,1.1069220382693812,2023-08-31 12:34:43.505220,2023-08-31 12:39:00.754520,0 days 00:04:17.249300,0.23967723365994092,1.00198887443564,0.8028388928157844,0.00904085890627738,0.1611553022871356,0.834661736532404,0.4647622774657806,2.602057403080247,0.29035869962473515,0.1,0.10723185428290481,PRUNED
26,1.346401405672655,2023-08-31 12:39:00.771344,2023-08-31 12:40:40.254698,0 days 00:01:39.483354,0.14454402488853552,1.341845260110858,0.7850636437703156,0.00809843312558839,0.1785797496397662,0.8107053258721997,0.46487189607650004,2.1639013339886777,0.2825675897358659,0.12000000000000001,0.1216632705445266,PRUNED
27,1.3357984681501456,2023-08-31 12:40:40.266470,2023-08-31 12:42:19.875152,0 days 00:01:39.608682,0.382242815739241,1.1347005574364337,0.7709297393490009,0.006880234111108269,0.1870731565746406,0.8356223414721167,0.4016589824124916,2.644257483233178,0.255966755356292,0.14,0.1147223901981729,PRUNED
28,1.0803408083763528,2023-08-31 12:42:19.894544,2023-08-31 12:46:47.863108,0 days 00:04:27.968564,0.257347841523869,0.9039006649540098,0.8110923914950885,0.009243324061330646,0.17358681707061924,0.826472638215803,0.36029623521426146,2.899015363345858,0.2713785358473769,0.11,0.10506517258497125,PRUNED
29,1.3480674685738612,2023-08-31 12:46:47.882068,2023-08-31 12:48:27.134344,0 days 00:01:39.252276,0.10645023901902158,0.7518068649211933,0.7913801927010486,0.007461844891666068,0.1890043672417513,0.804379423702324,0.4997278132472966,2.417795791310333,0.2959912101464326,0.12000000000000001,0.10738642446912722,PRUNED
30,1.1588849115667614,2023-08-31 12:48:27.157827,2023-08-31 12:51:46.523480,0 days 00:03:19.365653,0.3812670005249994,1.3624910034298474,0.769717165314709,0.008299708446473672,0.18760375925772932,0.8497688178180899,0.41855902136462597,2.493678894557577,0.23458156769456823,0.1,0.10844845674648823,PRUNED
31,0.4991876010507085,2023-08-31 12:51:46.546642,2023-08-31 12:59:22.172259,0 days 00:07:35.625617,0.17996590188379677,1.103532843063199,0.7505887575784417,0.009874224949525286,0.19998069202433763,0.8411027548594219,0.49521112787677735,2.937204948472547,0.2960845698781608,0.1,0.10225536522076789,COMPLETE
32,1.0806961414661813,2023-08-31 12:59:22.200939,2023-08-31 13:03:59.543073,0 days 00:04:37.342134,0.19370282142904285,1.1017316869283187,0.752040265532273,0.009495329802054558,0.19820643048124686,0.8388046879290595,0.47520090885886807,2.667533934127743,0.28735217403465646,0.11,0.11414804483933018,PRUNED
33,1.0389578558029013,2023-08-31 13:03:59.564305,2023-08-31 13:10:34.964795,0 days 00:06:35.400490,0.160585309026293,1.2036801037648563,0.7663434487008498,0.009408728337935336,0.1888938283519789,0.8250726612056379,0.4423389278539812,2.938527151928822,0.29882211283097376,0.1,0.10027700078605072,PRUNED
34,0.48838401998639025,2023-08-31 13:10:34.993284,2023-08-31 13:18:09.470782,0 days 00:07:34.477498,0.2782932506158669,0.970055681195624,0.7932270407866493,0.009983984072767859,0.1992229422638343,0.8412710418273627,0.4700081776478121,2.7056447546559266,0.27506661978837,0.11,0.10694519734818615,COMPLETE
35,1.1417921863971872,2023-08-31 13:18:09.497507,2023-08-31 13:21:27.261816,0 days 00:03:17.764309,0.2949437280077456,0.9533170451015267,0.7940272799378523,0.008761496480798828,0.17489595971202543,0.8211482730737805,0.3785327060875484,2.2771087117903517,0.27016783128226246,0.12000000000000001,0.1085225894679248,PRUNED
36,1.0011911779008014,2023-08-31 13:21:27.271755,2023-08-31 13:29:24.204521,0 days 00:07:56.932766,0.23040869921018045,0.8421963857877351,0.8285370131832496,0.009377696449766191,0.18990741436074032,0.8322423467186699,0.44236152388201383,2.5777701740998635,0.242712335788675,0.11,0.12170400593820493,PRUNED
37,1.3060986598332722,2023-08-31 13:29:24.223518,2023-08-31 13:31:04.315670,0 days 00:01:40.092152,0.29386105856781203,0.7374290413722127,0.8038261961231972,0.008656078224813445,0.13972130883278133,0.8425081754721524,0.4712076034643338,2.715297303598381,0.26108804545406816,0.11,0.11379541851225011,PRUNED
38,0.99930365964876,2023-08-31 13:31:04.333133,2023-08-31 13:38:20.974514,0 days 00:07:16.641381,0.4163788383756405,0.988669843798668,0.8180703028033771,0.009459764008668561,0.18096933218099068,0.8187214643366488,0.41233857152157694,2.065913870424649,0.21527964963421503,0.17,0.1261937649586958,PRUNED
39,1.3440628026394135,2023-08-31 13:38:20.987376,2023-08-31 13:40:00.367386,0 days 00:01:39.380010,0.33603913104527616,0.6551288229077094,0.7903617159808638,0.007874711214345922,0.165207512977052,0.8308221159298264,0.3542400562114474,2.424757698528924,0.277368983383603,0.13,0.13246874040881318,PRUNED
40,1.317785972399069,2023-08-31 13:40:00.390379,2023-08-31 13:41:39.677046,0 days 00:01:39.286667,0.22488912241172615,1.049188365450657,0.8207318216531496,0.007254485793408732,0.1908093513375627,0.8082529422921825,0.30851972599428873,2.2757294036567166,0.24198688292765777,0.14,0.13819339179235793,PRUNED
41,1.01379842052223,2023-08-31 13:41:39.695352,2023-08-31 13:48:06.130698,0 days 00:06:26.435346,0.15300264179564543,1.1008749452101785,0.7644376511178081,0.009954255412520012,0.1996038203099187,0.8419240121691358,0.4753396401060198,2.932527535303003,0.2867821769767524,0.1,0.10606569343488653,PRUNED
42,1.1551586017541007,2023-08-31 13:48:06.151310,2023-08-31 13:51:24.113256,0 days 00:03:17.961946,0.2034075000787431,0.971434716699025,0.7770709791588118,0.00881764997823349,0.19859399724298996,0.8435311803567782,0.453117981477933,3.031111274466541,0.28941293610967045,0.1,0.10613246550495098,PRUNED
43,0.4770171558443628,2023-08-31 13:51:24.129333,2023-08-31 13:58:50.627959,0 days 00:07:26.498626,0.2527076318787864,1.077518305670266,0.7607057308012042,0.009979377720975008,0.1838140059574348,0.8377727703233238,0.4832672108188443,2.753520494324311,0.274279500689247,0.11,0.1042312913768267,COMPLETE
44,1.1166467651830498,2023-08-31 13:58:50.653729,2023-08-31 14:03:27.723452,0 days 00:04:37.069723,0.4220049270251725,1.2096717534393668,0.7614476711155598,0.009418301436409631,0.1827072867361802,0.84921624079751,0.4364726890112026,2.805007679599484,0.26428794953217105,0.2,0.1113711064191394,PRUNED
45,1.1393316462107583,2023-08-31 14:03:27.744413,2023-08-31 14:06:47.261034,0 days 00:03:19.516621,0.27209534618955034,0.9284540307735432,0.8393235698663236,0.009592908938674644,0.17761031387935639,0.833645023448395,0.47622568869950466,2.5593496983490764,0.2746791407787587,0.11,0.10448693598477729,PRUNED
46,1.1559275113944467,2023-08-31 14:06:47.275263,2023-08-31 14:10:05.520992,0 days 00:03:18.245729,0.49942408311128295,1.0476745855351275,0.7823829991741509,0.008079498307482239,0.1925404478087631,0.8255735580855047,0.3835333210781676,3.128785994687316,0.26115205070760866,0.12000000000000001,0.11660304048941353,PRUNED
47,1.1176149549213708,2023-08-31 14:10:05.541774,2023-08-31 14:14:13.956979,0 days 00:04:08.415205,0.23537521948221574,1.9913632350242823,0.7993296173200516,0.008946485705589098,0.17016166443705635,0.796316570771152,0.414338678644494,2.7009621680052507,0.27812142938377493,0.19,0.10473957574027312,PRUNED
48,1.3071704088373388,2023-08-31 14:14:13.975739,2023-08-31 14:15:53.589423,0 days 00:01:39.613684,0.14074020871481147,1.1717752895312235,0.7760129418593613,0.008377360074356846,0.18606646801411297,0.8433738151470062,0.455078287918236,2.4465787527594403,0.29007805504265904,0.11,0.11098721465144293,PRUNED
49,1.0297981458352812,2023-08-31 14:15:53.604454,2023-08-31 14:22:09.654998,0 days 00:06:16.050544,0.3210355445651969,0.8762763255688739,0.7595838666239508,0.009978530853605479,0.15947882882736508,0.8169860858390785,0.4916440710335881,3.0084120148779343,0.267654651377983,0.15000000000000002,0.11807048638039766,PRUNED
50,1.1450651624101273,2023-08-31 14:22:09.673441,2023-08-31 14:25:27.798545,0 days 00:03:18.125104,0.28408289317693486,0.960742902567488,0.78620704253622,0.009470856154434628,0.1935996487055611,0.8365981446089481,0.3938446809307569,2.8340143885280162,0.2511507544807981,0.12000000000000001,0.10069345640520683,PRUNED
51,1.094471735100374,2023-08-31 14:25:27.813272,2023-08-31 14:29:26.709468,0 days 00:03:58.896196,0.19195116053673436,1.1318178158676717,0.7539221612338054,0.009696228927518388,0.1944359703732764,0.8435397478893789,0.4996271263302073,2.9980209249846737,0.29942963360779645,0.1,0.10377633846617253,PRUNED
52,1.0478922855769488,2023-08-31 14:29:26.725856,2023-08-31 14:35:04.442893,0 days 00:05:37.717037,0.13693799244833096,1.0810798894326008,0.7519462666919983,0.009986442355784822,0.17676715992516906,0.8394836731594605,0.47882051218024624,2.8584543249170307,0.2932852753306819,0.1,0.1001920499693962,PRUNED
53,1.0763415125667626,2023-08-31 14:35:04.465433,2023-08-31 14:40:42.928747,0 days 00:05:38.463314,0.18686151337493143,1.2625284681786944,0.7637837903205352,0.009072205033137699,0.18617573138333945,0.8307477110794729,0.4324404219713338,3.018431458164882,0.2836549015175768,0.11,0.10996458290364683,PRUNED
54,0.49847717774717937,2023-08-31 14:40:42.949497,2023-08-31 14:48:21.408711,0 days 00:07:38.459214,0.2539081324693123,1.0586458652713437,0.7715698256297397,0.009682408337620203,0.19971728687235762,0.8491129771103648,0.48233863879002103,2.705700830010019,0.27491316170420005,0.1,0.10447305437195153,COMPLETE
55,1.1490733471322567,2023-08-31 14:48:21.434524,2023-08-31 14:51:40.377666,0 days 00:03:18.943142,0.2572608230739327,1.012409192055895,0.7729140087098892,0.008683411725322021,0.19406111167515097,0.848819538597634,0.4593496134691574,2.7067246442168793,0.27306912095857394,0.11,0.11161188348470422,PRUNED
56,1.1603744340703843,2023-08-31 14:51:40.399370,2023-08-31 14:54:59.272300,0 days 00:03:18.872930,0.215986737579405,0.8526084293361101,0.7939405892608333,0.009096480821911467,0.1839803784557661,0.8499597534826825,0.4251478915404302,2.5403866700983904,0.27724917919719966,0.1,0.10582918962351223,PRUNED
57,1.1519326734627393,2023-08-31 14:54:59.288904,2023-08-31 14:58:18.415642,0 days 00:03:19.126738,0.3219296667656215,0.9364212239929428,0.7809425841734268,0.009706981950366626,0.17281944574541175,0.8444673092217667,0.4416629830379677,2.384896709270489,0.257061698669669,0.1,0.11685075300758231,PRUNED
58,1.1568177519960607,2023-08-31 14:58:18.428266,2023-08-31 15:01:37.628083,0 days 00:03:19.199817,0.2389529387213508,1.0144481707183677,0.806966660748833,0.00840667643406572,0.17921592377342277,0.8354694955552453,0.47543133568377133,3.1340546803676825,0.28423297358315075,0.11,0.12232902850955137,PRUNED
59,1.1373430790630639,2023-08-31 15:01:37.644274,2023-08-31 15:04:56.716963,0 days 00:03:19.072689,0.12377502792715414,1.0666784240766138,0.7597328229684219,0.009247453470650042,0.19165416748602804,0.8221689183797226,0.4644193282859024,2.806029849943971,0.26393063161933966,0.12000000000000001,0.10854206903146589,PRUNED
60,0.5001797757558447,2023-08-31 15:04:56.740805,2023-08-31 15:13:13.382592,0 days 00:08:16.641787,0.34931185769063355,1.1541407852296186,0.7968200900367588,0.008834924196919487,0.16727156743417657,0.8290647104226984,0.48659310127145056,2.6286866078259816,0.2682249726538762,0.1,0.10330899849706146,COMPLETE
61,1.0157671211459112,2023-08-31 15:13:13.415265,2023-08-31 15:20:41.347759,0 days 00:07:27.932494,0.16826243230860233,1.1005964839700604,0.7688830765686604,0.009808499897179223,0.19696871426036652,0.8379725576882028,0.4916902168118133,2.8797644919915073,0.2894078382817581,0.1,0.10126121394256894,PRUNED
62,1.3074022647759593,2023-08-31 15:20:41.367344,2023-08-31 15:22:21.226234,0 days 00:01:39.858890,0.10505190106209863,1.20735768467887,0.7562638119812721,0.009997987394603166,0.1997230708084809,0.8449329323582111,0.4539740907896094,2.9610672613007525,0.29410862023741297,0.1,0.10352596394076383,PRUNED
63,1.1289555715753676,2023-08-31 15:22:21.249909,2023-08-31 15:25:40.832774,0 days 00:03:19.582865,0.2600738673650728,1.0428042177381511,0.7500064228021931,0.00962176818704309,0.18563811507917136,0.8395246869759256,0.48472423760312594,2.6642360909321705,0.2995635975359125,0.11,0.11440078739318654,PRUNED
64,1.1409429151115689,2023-08-31 15:25:40.844097,2023-08-31 15:29:00.292883,0 days 00:03:19.448786,0.17544217362252298,0.9099010551997089,0.775249744077859,0.009142119427515485,0.19415396697790363,0.8457505564343982,0.49891518173459914,2.525459860392518,0.2809120969037894,0.1,0.10789420992217764,PRUNED
65,1.137743873376373,2023-08-31 15:29:00.318424,2023-08-31 15:32:19.569752,0 days 00:03:19.251328,0.3100352085227753,1.1375280271531532,0.7648264470204912,0.009578853152719086,0.18841236115935875,0.8328277552267019,0.42564822549914955,2.7565174311542853,0.2757388122169749,0.11,0.10286326345801984,PRUNED
66,1.052244411715379,2023-08-31 15:32:19.586080,2023-08-31 15:37:57.890781,0 days 00:05:38.304701,0.21171014919314116,0.9712098082649554,0.7825785838917717,0.009239500922219228,0.18085523056014863,0.8387092245593929,0.44903793303089545,3.0390526505745785,0.2920531009869799,0.13,0.10002697677214299,PRUNED
67,1.14759712819512,2023-08-31 15:37:57.903079,2023-08-31 15:41:16.966335,0 days 00:03:19.063256,0.28012319559812887,0.782883221493974,0.7700674532738663,0.008516860567537855,0.19575327060138656,0.8451726584204489,0.46622912567835484,2.9071220556462185,0.28490354983016125,0.1,0.11175931897868052,PRUNED
68,1.1396430092500456,2023-08-31 15:41:16.983155,2023-08-31 15:44:36.000131,0 days 00:03:19.016976,0.1587737096381895,1.2390121476655611,0.7595080109273852,0.009667346789163601,0.1904718129154048,0.8253305094099462,0.40527723283661987,2.763766928283885,0.26939936367551354,0.11,0.10684123018483102,PRUNED
69,1.1319690934309723,2023-08-31 15:44:36.015992,2023-08-31 15:47:54.803827,0 days 00:03:18.787835,0.2519729419014372,1.0863713458666615,0.788999706000586,0.008948269984445503,0.17322877308142146,0.849743139301349,0.4827535087973662,1.4679285054775144,0.2560309346711763,0.1,0.10976534174569176,PRUNED
