number,value,datetime_start,datetime_complete,duration,params_A,params_C,params_f,params_lr,params_min_gradient_magnitude,params_optimal_weight,params_phase_shift_loss_weight,params_phi,params_shift_boundary,params_threshold,params_transition_slope,state
70,1.3135274255529363,2023-08-31 15:47:54.823888,2023-08-31 15:49:34.600425,0 days 00:01:39.776537,0.20605729492739722,1.0003200640503216,0.7570410809474417,0.00812817183638781,0.19942752613936557,0.8309149341879742,0.44436515753353223,2.3102324929526765,0.2936765495748268,0.11,0.10384773109272612,PRUNED
71,1.1473561787436195,2023-08-31 15:49:34.615731,2023-08-31 15:52:53.478477,0 days 00:03:18.862746,0.3536670074464222,1.1415520071589884,0.7957263394288829,0.008812259475857549,0.18514235734319612,0.8288353218171106,0.48365617976574715,2.620306815874616,0.2684475387929634,0.16,0.10323348085777354,PRUNED
72,1.0885221636887137,2023-08-31 15:52:53.494457,2023-08-31 15:57:21.203899,0 days 00:04:27.709442,0.3047295882615641,1.1563631316311813,0.7993554929671354,0.009703744465323719,0.1905505820997383,0.8383951653364892,0.4670716749706716,2.468671838111582,0.2807421523830973,0.1,0.10307495255697584,PRUNED
73,0.4832259540362479,2023-08-31 15:57:21.214044,2023-08-31 16:04:58.273545,0 days 00:07:37.059501,0.2344967078447121,1.0487765898441357,0.809833961527985,0.0092928777209799,0.17804818022142893,0.8410798421973473,0.48696386908420564,2.6242376405392993,0.2748273990199261,0.1,0.10687404201671316,COMPLETE
74,0.9960688603579575,2023-08-31 16:04:58.296991,2023-08-31 16:12:53.337379,0 days 00:07:55.040388,0.23108248711887866,1.0511634958291842,0.8111509076191835,0.009294804358607394,0.17919177789257776,0.8457514450881979,0.43627477902776196,2.8837227327004316,0.28671728932301677,0.1,0.10814376262383485,PRUNED
75,1.1576484885621579,2023-08-31 16:12:53.348853,2023-08-31 16:16:11.950207,0 days 00:03:18.601354,0.12856837671127389,0.882160540728475,0.7764755968424163,0.009359505101850756,0.19448174422335351,0.8347804989508225,0.49924246913291603,2.7414868192100217,0.2734509092002264,0.12000000000000001,0.11373108681544965,PRUNED
76,1.1367818417278588,2023-08-31 16:16:11.970197,2023-08-31 16:19:29.852934,0 days 00:03:17.882737,0.17907528592294392,0.9505917842858911,0.7671280345619258,0.009684255744769455,0.1998335415934909,0.8409305949037806,0.46573228832779096,3.1049001473330367,0.2957492772630119,0.1,0.10643733789990663,PRUNED
77,1.0331239600976307,2023-08-31 16:19:29.867063,2023-08-31 16:25:36.799904,0 days 00:06:06.932841,0.26765569349937945,1.0069503546015677,0.7502943530593622,0.009993994945014618,0.1825407270344827,0.8461448848764694,0.4542647174754282,2.9403341180080953,0.27843572445573816,0.11,0.11996134510833473,PRUNED
78,1.312509853155055,2023-08-31 16:25:36.811377,2023-08-31 16:27:16.792697,0 days 00:01:39.981320,0.2154654246743998,1.0995377778601672,0.7837574591022722,0.008515773805728481,0.17617888811672075,0.8414159524684697,0.42538998296461317,2.5864672918228138,0.28886872841610706,0.1,0.11589072220070046,PRUNED
79,1.3401023335490667,2023-08-31 16:27:16.807901,2023-08-31 16:28:56.820158,0 days 00:01:40.012257,0.287857863695122,0.934023778413634,0.8224804697127602,0.009426744722246553,0.18956834321081648,0.8354886746558874,0.4782852035054272,3.0720040769174317,0.25972442560048864,0.11,0.11137312405046826,PRUNED
80,1.3199415327386652,2023-08-31 16:28:56.834078,2023-08-31 16:30:36.507781,0 days 00:01:39.673703,0.14889010009864237,1.1853398971385682,0.7732527686628397,0.007767832427777831,0.19629357338548203,0.8221814998724254,0.44735259586610854,2.8356811922933916,0.24701101619462446,0.1,0.10596018831989477,PRUNED
81,1.174875319426787,2023-08-31 16:30:36.521260,2023-08-31 16:33:55.227254,0 days 00:03:18.705994,0.347573530349231,1.1171071434605881,0.8038780283162164,0.008731096601207794,0.16898132355547066,0.8499560567787202,0.4854795358773994,2.658581745909753,0.2658102732158578,0.1,0.10322514396806644,PRUNED
82,1.085422898860688,2023-08-31 16:33:55.245142,2023-08-31 16:38:44.022092,0 days 00:04:48.776950,0.24488039566316905,1.0745666222047798,0.7913057544613976,0.008910497899747455,0.1855029410042971,0.8278747351726281,0.48676327763480287,2.6454446536158733,0.27239552494075264,0.17,0.10061243167565254,PRUNED
83,1.036884681341496,2023-08-31 16:38:44.034784,2023-08-31 16:44:50.943662,0 days 00:06:06.908878,0.3064437756742424,1.1687583962405552,0.8139432116186806,0.009753262358035466,0.18112395551535676,0.841952293017455,0.462113852078762,2.478414077376087,0.2834514376175273,0.1,0.10966437712275301,PRUNED
84,1.1499388444085492,2023-08-31 16:44:50.969618,2023-08-31 16:48:09.824416,0 days 00:03:18.854798,0.1944169178626358,1.0373676070199371,0.7581420165431844,0.009166969631785244,0.19195174923587582,0.8462097964251768,0.4894956059015929,2.7793155418878017,0.2668374437163952,0.14,0.10484932156088832,PRUNED
85,1.14648744168011,2023-08-31 16:48:09.836124,2023-08-31 16:51:28.161934,0 days 00:03:18.325810,0.2777723644388363,0.983636721728825,0.7799990232917169,0.009421458244540519,0.16617697422017944,0.8308735261773064,0.47300105597078146,2.3661777740867005,0.27644319953366747,0.1,0.11277868316045438,PRUNED
86,1.1508556760794728,2023-08-31 16:51:28.178895,2023-08-31 16:54:46.230191,0 days 00:03:18.051296,0.3261421205122288,1.2977733838314245,0.7645852344797315,0.008921584701831626,0.18767263895989345,0.8367213666888501,0.4152752687440297,2.987073943229043,0.29561374693331827,0.11,0.10194492169286029,PRUNED
87,1.0498971922177796,2023-08-31 16:54:46.248519,2023-08-31 17:00:32.455910,0 days 00:05:46.207391,0.3696857579394745,1.2258177606825285,0.7871386313963802,0.009776077116873113,0.17560469509664697,0.8410052692533031,0.43649695490324514,2.5933592437066233,0.25787316777823477,0.1,0.10810631446783407,PRUNED
88,1.1266217527660072,2023-08-31 17:00:32.478347,2023-08-31 17:03:51.740177,0 days 00:03:19.261830,0.22616804959075776,1.1148356170970368,0.7966356803546287,0.00952530462230837,0.19583167603035423,0.8332574162348063,0.45726376545766173,2.6895527406780144,0.2803086095730539,0.11,0.10483694780288144,PRUNED
89,1.154436431878002,2023-08-31 17:03:51.750557,2023-08-31 17:07:11.287427,0 days 00:03:19.536870,0.245438121092018,1.1575577548134306,0.7693602398280377,0.008187564285248587,0.1717114032929357,0.8467258603502517,0.4893416116291915,2.872351710951725,0.2881946886527028,0.1,0.10010341978400474,PRUNED
90,1.1041010261004698,2023-08-31 17:07:11.302139,2023-08-31 17:11:21.556134,0 days 00:04:10.253995,0.3882492448707602,1.0700196867196965,0.7568497003276475,0.009155718863299247,0.17887290872884193,0.8422654827811403,0.4998287769587852,2.5294582332626567,0.2707352493286619,0.11,0.1097728449695138,PRUNED
91,1.13168861997043,2023-08-31 17:11:21.574101,2023-08-31 17:14:40.309046,0 days 00:03:18.734945,0.17674706383868788,1.021547008192767,0.7640943534337692,0.00986497162175464,0.1915529693072738,0.8468963023723611,0.4675157773468832,2.9612272417489462,0.29943681846541925,0.1,0.1021512546353986,PRUNED
92,1.1334208465637046,2023-08-31 17:14:40.327902,2023-08-31 17:17:59.488213,0 days 00:03:19.160311,0.19939215987420117,1.194729022060227,0.756032464926231,0.009521719480112517,0.18415949248165944,0.8384295072372727,0.4740572055407481,3.0738412676239752,0.2914511453616652,0.1,0.1055678321647319,PRUNED
93,1.0456386542489342,2023-08-31 17:17:59.502352,2023-08-31 17:23:46.516064,0 days 00:05:47.013712,0.12172655313152173,1.1247367495481388,0.777701872281327,0.009949918254965844,0.19782880946431736,0.843368091654838,0.4783549721476847,2.7958333867541962,0.2841358584694532,0.11,0.10722338795912939,PRUNED
94,1.3284706274668376,2023-08-31 17:23:46.533288,2023-08-31 17:25:26.166192,0 days 00:01:39.632904,0.16631598161903238,1.0550639557130133,0.75136042368622,0.00869092611047344,0.18807828628580894,0.8473455657665566,0.4525439974001765,2.7201739554584217,0.26411738362320025,0.1,0.1022410110722843,PRUNED
95,1.0770892021081127,2023-08-31 17:25:26.180339,2023-08-31 17:30:23.257475,0 days 00:04:57.077136,0.2637645364666958,1.1553867952754846,0.7619480715934114,0.009295725857204248,0.19364627364453388,0.8357928638546488,0.49009295822433857,2.9260159971435056,0.2957052310120889,0.11,0.11490752073408439,PRUNED
96,1.1435447335243225,2023-08-31 17:30:23.274965,2023-08-31 17:33:41.800062,0 days 00:03:18.525097,0.22047740443016936,0.9725130810366042,0.7733701102619275,0.009794700363405285,0.1828206988987632,0.8401212475803628,0.4442178954428301,2.2013326257483548,0.2872000121173866,0.1,0.11028660524412935,PRUNED
97,1.0332225001027397,2023-08-31 17:33:41.816925,2023-08-31 17:40:07.620565,0 days 00:06:25.803640,0.15186297946010635,0.9141042670672272,0.7689729786551665,0.009024165090868844,0.1965394427085574,0.8496334583270883,0.46355494639674805,3.054475697144466,0.2764002018443384,0.1,0.11239339227567001,PRUNED
98,1.1471078239434154,2023-08-31 17:40:07.634992,2023-08-31 17:43:26.162917,0 days 00:03:18.527925,0.2961289178342308,1.0904319622686898,0.8060865819547092,0.009560143769053465,0.1884441184602164,0.8271794293802748,0.4353065311004517,3.139659623305924,0.25255593664302284,0.12000000000000001,0.10451054096357293,PRUNED
99,1.1880724559016262,2023-08-31 17:43:26.174953,2023-08-31 17:46:45.662032,0 days 00:03:19.487079,0.23872775200580623,1.0284244794763293,0.7878362548352854,0.009997424004429899,0.19995600684877554,0.832547301388462,0.49984313925287455,2.827648179989777,0.2914544505592925,0.11,0.10805209858702654,PRUNED
