number,value,datetime_start,datetime_complete,duration,params_A,params_C,params_f,params_lr,params_min_gradient_magnitude,params_optimal_weight,params_phase_shift_loss_weight,params_phi,params_shift_boundary,params_threshold,params_transition_slope,state
0,0.2018571678324197,2023-08-24 10:40:50.154829,2023-08-24 10:53:12.863752,0 days 00:12:22.708923,0.42111992347706373,1.202559952023271,0.6617253468532249,0.000683491636959318,0.16162388055769403,0.7931318661085647,0.3588838327481652,3.056482551302948,0.29032510305025044,0.23,0.17272550153465804,COMPLETE
1,0.1865320311833517,2023-08-24 10:53:12.888065,2023-08-24 11:02:53.688482,0 days 00:09:40.800417,0.865752791346113,1.105861900022516,0.8976683543201134,0.0003812550527403482,0.17392974595066507,0.7353090560029308,0.3566485296081388,2.6274649617561625,0.28223073825928285,0.25,0.16974353391830702,COMPLETE
2,0.8908351821468231,2023-08-24 11:02:53.709768,2023-08-24 11:07:27.438422,0 days 00:04:33.728654,0.24447744005642147,1.4057181395856277,0.9181228381526967,0.00039123644263656476,0.17395197258138415,0.7390644965819348,0.3043814287987641,1.772774784183108,0.26861450322488434,0.23,0.17744932737760072,PRUNED
3,0.18119737572849592,2023-08-24 11:07:27.452407,2023-08-24 11:19:19.389836,0 days 00:11:51.937429,0.41204993497621556,1.361955457498762,0.8517695757841647,0.0004587576427591682,0.17149691141005063,0.7941723716933321,0.33510818966799205,3.079113455367272,0.27451920114953404,0.24000000000000002,0.17074774123409944,COMPLETE
4,0.8891026178995768,2023-08-24 11:19:19.409521,2023-08-24 11:22:34.419532,0 days 00:03:15.010011,0.3017286954743848,1.9453071181823853,0.9363268386719055,0.00027716035163098457,0.16590841834124678,0.7444381954793498,0.3251590990870158,2.471043157393316,0.27563579002006894,0.25,0.1639621858582934,PRUNED
5,0.17661046937701919,2023-08-24 11:22:34.433425,2023-08-24 11:36:44.898307,0 days 00:14:10.464882,0.29828958682807666,1.1554549480115095,0.8396575678902842,0.00046328635958544577,0.17275033263443665,0.7800662624050428,0.3629011986305205,2.3607658593601135,0.27911482423863176,0.25,0.1685205993197317,COMPLETE
6,0.8895641943664415,2023-08-24 11:36:44.917249,2023-08-24 11:41:19.762799,0 days 00:04:34.845550,0.6676424803726587,1.2478006341032906,0.8166503138851098,0.0004449758563851106,0.17975093782535262,0.7369746940968455,0.39678652345613163,2.979948924338862,0.2808198753041829,0.24000000000000002,0.16611837232878102,PRUNED
7,0.17872980516830683,2023-08-24 11:41:19.775607,2023-08-24 11:55:03.523200,0 days 00:13:43.747593,0.32785582625032395,1.2910145528111494,0.8201342146056053,0.00046274384000998485,0.16424418026345927,0.72340013842789,0.37612348463575834,2.3394865770839806,0.2884483201622549,0.24000000000000002,0.161273461272038,COMPLETE
8,0.18574136474479686,2023-08-24 11:55:03.542498,2023-08-24 12:07:38.606607,0 days 00:12:35.064109,0.7048770077283465,1.5362298901296614,0.6884693777308176,0.00045567538042701536,0.1708185097464639,0.7425889116718437,0.38594953591354275,1.5844273663441109,0.25931948500329804,0.25,0.17878255376372207,COMPLETE
9,0.1735634825380622,2023-08-24 12:07:38.625850,2023-08-24 12:18:23.964359,0 days 00:10:45.338509,0.5218098429404865,1.5897134427060262,0.8856978652763852,0.0002683455741862391,0.1773310499705987,0.7301733636814677,0.3786888498984818,1.6692574682782875,0.25038072683893586,0.25,0.16208377096651666,COMPLETE
10,0.16548084292002196,2023-08-24 12:18:23.984336,2023-08-24 12:29:04.805822,0 days 00:10:40.821486,0.164920249335051,1.619335296919413,0.7524630031615123,0.00011519397944926993,0.17953942198433878,0.7021628257753997,0.37733170240848035,1.9400819582509048,0.2513920373607547,0.25,0.16044970776144335,COMPLETE
11,0.16810864868837117,2023-08-24 12:29:04.826534,2023-08-24 12:41:02.829296,0 days 00:11:58.002762,0.13759374869991675,1.6301290738021572,0.7503859976707332,0.0001206320510942249,0.1793734837736333,0.7045293985196841,0.3769633451465979,1.887468552959335,0.25079900977610825,0.25,0.16034293765300858,COMPLETE
12,0.17262918938879301,2023-08-24 12:41:02.851666,2023-08-24 12:52:05.664524,0 days 00:11:02.812858,0.10854384611057877,1.7024474431459846,0.7512543016565425,0.0001283969835517574,0.17938898169438078,0.7022009507397731,0.3939497423886976,1.9717412820316016,0.250488791576003,0.25,0.16008062332481496,COMPLETE
13,0.1615658221600934,2023-08-24 12:52:05.685881,2023-08-24 13:03:28.177080,0 days 00:11:22.491199,0.11784891358466594,1.7091839866564924,0.7503858719397019,0.0001070603919550397,0.17679432598580772,0.7013170493131775,0.3720067084350766,1.9842005130468454,0.26083465987064497,0.24000000000000002,0.16442997184533567,COMPLETE
14,0.9001799435057538,2023-08-24 13:03:28.196913,2023-08-24 13:12:55.669661,0 days 00:09:27.472748,0.19683017233322364,1.7461305263516895,0.7671183812091603,0.0008537461953051812,0.17624849422937375,0.7146117439418596,0.3709788400644932,2.042708562871421,0.2627138100391486,0.24000000000000002,0.1636960314461356,PRUNED
15,0.16743288756920105,2023-08-24 13:12:55.683392,2023-08-24 13:21:58.866348,0 days 00:09:03.182956,0.11712841692726333,1.7810358999353697,0.7217576200194039,0.0001185554073681082,0.17595832498027683,0.7131757261293389,0.34722117455465923,2.0907424856886023,0.26133654862828554,0.23,0.16537536661985933,COMPLETE
16,0.17085687005743244,2023-08-24 13:21:58.901784,2023-08-24 13:29:44.100038,0 days 00:07:45.198254,0.23809350456196438,1.4576654497762571,0.7850029038396067,0.00023151414440371787,0.1691187320875299,0.7029552795913085,0.399924879322597,1.4998640641096674,0.2970663143556286,0.24000000000000002,0.16305620780198754,COMPLETE
17,0.1701859007624119,2023-08-24 13:29:44.120378,2023-08-24 13:45:05.268347,0 days 00:15:21.147969,0.1859127611871756,1.514599618316662,0.7221882578683679,0.00023667265860367892,0.1772297064254365,0.7543512449534555,0.3680511325954251,1.4401664221316048,0.25671214777972584,0.23,0.1665963544527307,COMPLETE
18,0.17108655147857232,2023-08-24 13:45:05.288310,2023-08-24 13:59:15.800726,0 days 00:14:10.512416,0.10169694415178744,1.847221933529518,0.7889593975417282,0.0005782144859465193,0.17482460873805866,0.7166133351937246,0.38627760907826963,1.7921456537657234,0.26695995691772445,0.24000000000000002,0.16221071961689318,COMPLETE
19,0.16247927659008765,2023-08-24 13:59:15.820964,2023-08-24 14:10:14.190657,0 days 00:10:58.369693,0.20209947842292175,1.6520055478841649,0.7152991056987353,0.00010321501047665072,0.17807352587611558,0.7007073233223652,0.35029237016968856,2.1322956557884436,0.2551937147834711,0.24000000000000002,0.16016434815299058,COMPLETE
20,0.16305053475954168,2023-08-24 14:10:14.210671,2023-08-24 14:19:31.457563,0 days 00:09:17.246892,0.23226479679856166,1.8568027757967869,0.6508302926524425,0.00020632788760516574,0.17712177805940474,0.7242187077843674,0.3503348158210366,2.1889657497644004,0.2568873944224446,0.24000000000000002,0.16485249081996003,COMPLETE
21,0.17066513229041236,2023-08-24 14:19:31.485661,2023-08-24 14:29:59.676246,0 days 00:10:28.190585,0.2200495798378197,1.8382769568721349,0.6632959951184361,0.0001916772518309546,0.17756303258759723,0.7244541255369582,0.3445013694154045,2.1505368591821026,0.2577660035278062,0.24000000000000002,0.16430821130468787,COMPLETE
22,0.16956251596991279,2023-08-24 14:29:59.715125,2023-08-24 14:45:10.315402,0 days 00:15:10.600277,0.2506912279193381,1.6995513686575299,0.7018193119031124,0.00032104511760387304,0.1750970035689175,0.7122812723255284,0.3539796513845403,2.192835766798867,0.25572497658308785,0.24000000000000002,0.16270271305732137,COMPLETE
23,0.15967696537715748,2023-08-24 14:45:10.335874,2023-08-24 14:56:38.585876,0 days 00:11:28.250002,0.1696729073829974,1.9739324260518827,0.6557692765527504,0.0001958678180983053,0.17796393475411562,0.7102527540375495,0.3611619517440213,2.2090708823605767,0.2643784327398364,0.24000000000000002,0.16704152341101308,COMPLETE
24,0.15995443955254451,2023-08-24 14:56:38.605629,2023-08-24 15:08:01.456443,0 days 00:11:22.850814,0.15692205613417878,1.9162811594556837,0.6856752832643515,0.00018931182349207125,0.17796953877205626,0.7007162526452452,0.3674831735074762,2.0286425715875365,0.26403837282059683,0.24000000000000002,0.16718506781819176,COMPLETE
25,0.1646605165971743,2023-08-24 15:08:01.483822,2023-08-24 15:22:31.385931,0 days 00:14:29.902109,0.156061442726652,1.9697754879506992,0.6844498202108643,0.0001815602992854907,0.1757263242047009,0.7101558612417951,0.36687058653390775,1.8739605837817062,0.2644229967302132,0.23,0.16693687722667525,COMPLETE
26,0.16318819088787895,2023-08-24 15:22:31.406702,2023-08-24 15:30:22.639712,0 days 00:07:51.233010,0.10408032213310334,1.927460888586906,0.6807131566850189,0.00031632725888583154,0.1784151111371867,0.7077953138945134,0.36311102242857446,2.0457717753136415,0.26967450776783203,0.24000000000000002,0.16762337076978426,COMPLETE
27,0.1606010805488286,2023-08-24 15:30:22.661187,2023-08-24 15:41:57.297692,0 days 00:11:34.636505,0.34721666411801466,1.9133783010420744,0.6518629024808027,0.00017222523150196985,0.17308579939026192,0.7184826482187512,0.35918941600389576,2.2618304551276123,0.2652850402146457,0.24000000000000002,0.16536323732678096,COMPLETE
28,0.16445911814232328,2023-08-24 15:41:57.318435,2023-08-24 15:50:43.891464,0 days 00:08:46.573029,0.3486211113978782,1.9782977728813185,0.6658192616802511,0.00018986365135705772,0.1729113622575861,0.719611808815684,0.35919625633870805,2.2869271443241495,0.2641441393516075,0.23,0.16825982528946834,COMPLETE
29,0.1613788016019917,2023-08-24 15:50:43.913794,2023-08-24 16:02:35.991333,0 days 00:11:52.077539,0.3855143474565654,1.9021117613294483,0.6553553604625443,0.0003220271305908645,0.16932943420772598,0.7094218973935642,0.3639461109894117,2.4913000605444786,0.2715807544495254,0.23,0.16614936640876793,COMPLETE
30,0.8832588160925723,2023-08-24 16:02:36.012977,2023-08-24 16:06:42.680646,0 days 00:04:06.667669,0.2867210023183282,1.8893677486159617,0.671559879649287,0.0005736734327986598,0.17478981133001928,0.7172242188948343,0.3589273310192389,2.2411936867060804,0.2659941952332573,0.24000000000000002,0.17215591392944365,PRUNED
31,0.8750579790443394,2023-08-24 16:06:42.694160,2023-08-24 16:10:23.154421,0 days 00:03:40.460261,0.3844355140466942,1.8960205415959943,0.6561119897140296,0.0003000668226507212,0.16869916301037935,0.7094390694483312,0.36467264776156305,2.460859406903682,0.2706885870932058,0.23,0.16578456825923898,PRUNED
32,0.8770007442498038,2023-08-24 16:10:23.166724,2023-08-24 16:13:09.398584,0 days 00:02:46.231860,0.4560612733929418,1.792643505260096,0.6531384407834899,0.00034895514703812844,0.17232666092454682,0.7092890387520747,0.3573877394354349,2.6272721253586626,0.27193004045915287,0.23,0.16957158046569795,PRUNED
33,0.16409863517258716,2023-08-24 16:13:09.413976,2023-08-24 16:21:27.711950,0 days 00:08:18.297974,0.3499025532898724,1.914562484401875,0.6964563851572324,0.00025436209502380366,0.1741068059734568,0.7300022775829661,0.368674562101158,2.4121413517047983,0.26517088579295056,0.24000000000000002,0.1667286060158234,COMPLETE
34,0.16550148472741177,2023-08-24 16:21:27.732879,2023-08-24 16:32:26.051657,0 days 00:10:58.318778,0.2676452715652363,1.8299044532056559,0.6741344270219319,0.00037141092043740465,0.16978609625424448,0.7188534495444602,0.34123540429011595,2.5973628047636375,0.26803546158388664,0.24000000000000002,0.16878751303533146,COMPLETE
