number,value,datetime_start,datetime_complete,duration,params_A,params_C,params_f,params_lr,params_min_gradient_magnitude,params_optimal_weight,params_phase_shift_loss_weight,params_phi,params_shift_boundary,params_threshold,params_transition_slope,state
69,1.2331553046584975,2023-09-01 04:08:04.639672,2023-09-01 04:09:43.882004,0 days 00:01:39.242332,0.17478906160525187,1.1316926067402133,0.736640328629147,0.018139951744711634,0.17823401281189769,0.9417925333440897,0.28828479757286474,1.9981331203115962,0.25698400106767105,0.16,0.14012925502961243,PRUNED
70,1.2317353605378605,2023-09-01 04:09:43.897589,2023-09-01 04:11:22.834143,0 days 00:01:38.936554,0.20449486496814237,1.7049139712244146,0.7486223858685181,0.019438288200153586,0.16804101546186834,0.9279724381025742,0.21346316788869243,1.6710924029004186,0.22831241023274096,0.14,0.14787434201536953,PRUNED
71,1.0647423009500436,2023-09-01 04:11:22.854328,2023-09-01 04:15:19.576957,0 days 00:03:56.722629,0.14608309710344228,1.9382510308540173,0.7317881389870624,0.01866448059897554,0.16450629837177685,0.9000678241695215,0.20016903301921313,1.8287164284832071,0.2532123396530863,0.08,0.15343757068342515,PRUNED
72,1.031930662955798,2023-09-01 04:15:19.600263,2023-09-01 04:20:54.945615,0 days 00:05:35.345352,0.12283711872116534,1.737096649732485,0.7536869812319343,0.017210103421636994,0.16777627974071097,0.8882528274095776,0.22872501120983252,1.7218404669437986,0.2593535960155701,0.13,0.14068129760174447,PRUNED
73,1.0905957773644874,2023-09-01 04:20:54.957229,2023-09-01 04:25:11.309371,0 days 00:04:16.352142,0.19935016734009334,1.7791553610705932,0.7272651607638435,0.017988713907102716,0.16227373981214346,0.9178600809319936,0.1772204595791102,1.9255868343354767,0.23671207885826867,0.13,0.14533133978352764,PRUNED
74,1.0174025910120483,2023-09-01 04:25:11.324393,2023-09-01 04:30:26.720512,0 days 00:05:15.396119,0.2222697300110607,1.9088211140194908,0.7686791969180684,0.01890728083637848,0.17045648730133497,0.8679494438160551,0.19582345566793855,1.6072229379597471,0.26178047555284967,0.14,0.1598414318153734,PRUNED
